###############################################################################
#
# IAR ANSI C/C++ Compiler V8.30.2.160/W32 for ARM         14/Oct/2018  14:43:38
# Copyright 1999-2018 IAR Systems AB.
#
#    Cpu mode     =  thumb
#    Endian       =  little
#    Source file  =  
#        C:\Embedded\Firmware\git_Razor_Atmel\firmware_ascii\drivers\lcd_nhd-c0220biz.c
#    Command line =  
#        -f C:\Users\BUDWA_~1\AppData\Local\Temp\EWDF7A.tmp
#        (C:\Embedded\Firmware\git_Razor_Atmel\firmware_ascii\drivers\lcd_nhd-c0220biz.c
#        -D EIE1 --preprocess=c
#        C:\Embedded\Firmware\git_Razor_Atmel\firmware_ascii\iar_7_20_1\Debug\List
#        -lC
#        C:\Embedded\Firmware\git_Razor_Atmel\firmware_ascii\iar_7_20_1\Debug\List
#        -o
#        C:\Embedded\Firmware\git_Razor_Atmel\firmware_ascii\iar_7_20_1\Debug\Obj
#        --no_cse --no_unroll --no_inline --no_code_motion --no_tbaa
#        --no_clustering --no_scheduling --debug --endian=little
#        --cpu=Cortex-M3 -e --fpu=None --dlib_config "C:\Program Files
#        (x86)\IAR Systems\Embedded Workbench
#        8.1\arm\inc\c\DLib_Config_Normal.h" -I
#        C:\Embedded\Firmware\git_Razor_Atmel\firmware_ascii\iar_7_20_1\ -I
#        C:\Embedded\Firmware\git_Razor_Atmel\firmware_ascii\iar_7_20_1\..\bsp\
#        -I
#        C:\Embedded\Firmware\git_Razor_Atmel\firmware_ascii\iar_7_20_1\..\drivers\
#        -I
#        C:\Embedded\Firmware\git_Razor_Atmel\firmware_ascii\iar_7_20_1\..\application\
#        -I
#        C:\Embedded\Firmware\git_Razor_Atmel\firmware_ascii\iar_7_20_1\..\..\firmware_common\
#        -I
#        C:\Embedded\Firmware\git_Razor_Atmel\firmware_ascii\iar_7_20_1\..\..\firmware_common\application\
#        -I
#        C:\Embedded\Firmware\git_Razor_Atmel\firmware_ascii\iar_7_20_1\..\..\firmware_common\cmsis\
#        -I
#        C:\Embedded\Firmware\git_Razor_Atmel\firmware_ascii\iar_7_20_1\..\..\firmware_common\drivers\
#        -On --use_c++_inline --require_prototypes -I "C:\Program Files
#        (x86)\IAR Systems\Embedded Workbench 8.1\arm\CMSIS\Core\Include\" -I
#        "C:\Program Files (x86)\IAR Systems\Embedded Workbench
#        8.1\arm\CMSIS\DSP\Include\")
#    Locale       =  C
#    List file    =  
#        C:\Embedded\Firmware\git_Razor_Atmel\firmware_ascii\iar_7_20_1\Debug\List\lcd_nhd-c0220biz.lst
#    Object file  =  
#        C:\Embedded\Firmware\git_Razor_Atmel\firmware_ascii\iar_7_20_1\Debug\Obj\lcd_nhd-c0220biz.o
#
###############################################################################

C:\Embedded\Firmware\git_Razor_Atmel\firmware_ascii\drivers\lcd_nhd-c0220biz.c
      1          /***********************************************************************************************************************
      2          File: lcd_nhd-c0220biz.c.c                                                                
      3          
      4          Description:
      5          Driver for Newhaven Display NHD-C0220BiZ ASCII LCD.
      6          
      7          This application requires an I²C resource to output data.
      8          
      9          The displayable area of the screen is 20 characters x 2 lines, though the LCD RAM will accomodate
     10          40 characters per line (so can be used for scrolling text applications).
     11          Each character has a 1-byte address. Nmemonics are defined for the main locations
     12          
     13          Line #      Left most address             Last printed char           Right most address
     14            1       0x00 (LINE1_START_ADDR)       0x13 (LINE1_END_ADDR)       0x27 (LINE1_END_ABSOLUTE)      
     15            2       0x40 (LINE2_START_ADDR)       0x53 (LINE2_END_ADDR)       0x67 (LINE2_END_ABSOLUTE)      
     16          
     17          ------------------------------------------------------------------------------------------------------------------------
     18          API
     19          void LcdInitialize(void)
     20          Initializes the LCD task and manually sends a message to the LCD.
     21          This function must be run during the startup section of main.
     22          e.g.
     23          LcdInitialize();
     24          
     25          void LCDCommand(u8 u8Command_)
     26          Queues a command code to be sent to the LCD.  See the full command list in the header file.
     27          Some common commands are shown below.
     28          LCD_CLEAR_CMD				Writes spaces to all chars
     29          LCD_HOME_CMD				Puts cursor at 0x00
     30          
     31          LCD_DISPLAY_CMD			Root literal for managing display
     32          LCD_DISPLAY_ON				OR with LCD_DISPLAY_CMD to turn display on
     33          LCD_DISPLAY_CURSOR		OR with LCD_DISPLAY_CMD to turn cursor on
     34          LCD_DISPLAY_BLINK			OR with LCD_DISPLAY_CMD to turn cursor blink on
     35          
     36          e.g. Turn display on with a solid (non-blinking) cursor
     37          LCDCommand(LCD_DISPLAY_CMD | LCD_DISPLAY_ON | LCD_DISPLAY_CURSOR);
     38          
     39          void LCDMessage(u8 u8Address_, u8 *u8Message_)
     40          Sends a text message to the LCD to be printed at the address specified.  
     41          e.g. 
     42          u8 au8Message[] = "Hello world!";
     43          LCDMessage(LINE1_START_ADDR, au8Message);
     44          
     45          void LCDClearChars(u8 u8Address_, u8 u8CharactersToClear_)
     46          Clears a number of chars starting from the address specified.  This function does not span rows.
     47          e.g. Clear "world!" from the screen after the above example.
     48          LCDClearChars(LINE1_START_ADDR + 5, 6);
     49          
     50          ***********************************************************************************************************************/
     51          
     52          #include "configuration.h"
     53          
     54          /***********************************************************************************************************************
     55          Global variable definitions with scope across entire project.
     56          All Global variable names shall start with "G_<type>Lcd"
     57          ***********************************************************************************************************************/
     58          /* New variables */
     59          
     60          
     61          /*--------------------------------------------------------------------------------------------------------------------*/
     62          /* Existing variables (defined in other files -- should all contain the "extern" keyword) */
     63          extern volatile u32 G_u32SystemFlags;                  /* From main.c */
     64          extern volatile u32 G_u32ApplicationFlags;             /* From main.c */
     65          
     66          extern volatile u32 G_u32SystemTime1ms;                /* From board-specific source file */
     67          extern volatile u32 G_u32SystemTime1s;                 /* From board-specific source file */
     68          
     69          
     70          /***********************************************************************************************************************
     71          Global variable definitions with scope limited to this local application.
     72          Variable names shall start with "Lcd_" and be declared as static.
     73          ***********************************************************************************************************************/

   \                                 In section .bss, align 4
     74          static fnCode_type Lcd_StateMachine;
   \                     Lcd_StateMachine:
   \        0x0                      DS8 4
     75          

   \                                 In section .bss, align 4
     76          static u32 Lcd_u32Timer;
   \                     Lcd_u32Timer:
   \        0x0                      DS8 4
     77          
     78          
     79          /***********************************************************************************************************************
     80          * Function Definitions
     81          ***********************************************************************************************************************/
     82          
     83          /*--------------------------------------------------------------------------------------------------------------------*/
     84          /* Public Functions */
     85          /*--------------------------------------------------------------------------------------------------------------------*/
     86          
     87          /*----------------------------------------------------------------------------------------------------------------------
     88          Function LCDCommand
     89          
     90          Description:
     91          Queues a command char to be sent to the LCD using the TWI messaging function. 
     92          
     93          Requires:
     94          	- u8Command_ is an acceptable command value for the LCD as taken from the
     95              "LCD Commands" list in lcd_nhd_c0220biz.h header file.  The command must
     96              be complete and include any optional bits.
     97          
     98          Promises:
     99            - The command is queued and will be sent to the LCD at the next
    100              available time.
    101          */

   \                                 In section .text, align 2, keep-with-next
    102          void LCDCommand(u8 u8Command_)
    103          {
   \                     LCDCommand: (+1)
   \        0x0   0xB510             PUSH     {R4,LR}
   \        0x2   0x0004             MOVS     R4,R0
    104            static u8 au8LCDWriteCommand[] = {LCD_CONTROL_COMMAND, 0x00};
    105          
    106            /* Update the command paramter into the command array */
    107            au8LCDWriteCommand[1] = u8Command_;
   \        0x4   0x....             LDR.N    R2,??DataTable4
   \        0x6   0x7054             STRB     R4,[R2, #+1]
    108              
    109            /* Queue the command to the I²C application */
    110            TWI0WriteData(LCD_ADDRESS, sizeof(au8LCDWriteCommand), &au8LCDWriteCommand[0], STOP);
   \        0x8   0x2300             MOVS     R3,#+0
   \        0xA   0x2102             MOVS     R1,#+2
   \        0xC   0x203C             MOVS     R0,#+60
   \        0xE   0x.... 0x....      BL       TWI0WriteData
    111          
    112            /* Add a delay during initialization to let the command send properly */
    113            if(G_u32SystemFlags & _SYSTEM_INITIALIZING )
   \       0x12   0x....             LDR.N    R0,??DataTable4_1
   \       0x14   0x6800             LDR      R0,[R0, #+0]
   \       0x16   0x2800             CMP      R0,#+0
   \       0x18   0xD505             BPL.N    ??LCDCommand_0
    114            {
    115              for(u32 i = 0; i < 100000; i++);
   \       0x1A   0x2000             MOVS     R0,#+0
   \                     ??LCDCommand_1: (+1)
   \       0x1C   0x....             LDR.N    R1,??DataTable4_2  ;; 0x186a0
   \       0x1E   0x4288             CMP      R0,R1
   \       0x20   0xD201             BCS.N    ??LCDCommand_0
   \       0x22   0x1C40             ADDS     R0,R0,#+1
   \       0x24   0xE7FA             B.N      ??LCDCommand_1
    116            }
    117            
    118          } /* end LCDCommand() */
   \                     ??LCDCommand_0: (+1)
   \       0x26   0xBD10             POP      {R4,PC}          ;; return

   \                                 In section .bss, align 2
   \                     `LCDCommand::au8LCDWriteCommand`:
   \        0x0                      DS8 2
    119          
    120          /*------------------------------------------------------------------------------
    121          Function: LCDMessage
    122          
    123          Description:
    124          Sends a text message to the LCD to be printed at the address specified.  
    125          
    126          Requires:
    127            - LCD is initialized
    128            - u8Message_ is a pointer to a NULL-terminated C-string
    129          	- The message to display is no more than (40 - the selected display location) 
    130              characters in length
    131            - Any characters not desired on screen that will not be overwritten need to 
    132              be erased first
    133          
    134          Promises:
    135            - Message to set cursor address in the LCD is queued, then message data 
    136              is queued to the LCD to be displayed. 
    137          */

   \                                 In section .text, align 2, keep-with-next
    138          void LCDMessage(u8 u8Address_, u8 *u8Message_)
    139          { 
   \                     LCDMessage: (+1)
   \        0x0   0xB570             PUSH     {R4-R6,LR}
   \        0x2   0x0004             MOVS     R4,R0
   \        0x4   0x000D             MOVS     R5,R1
    140            u8 u8Index; 
    141            static u8 au8LCDMessage[LCD_MESSAGE_OVERHEAD_SIZE + LCD_MAX_MESSAGE_SIZE] = 
    142                                     {LCD_CONTROL_DATA};
    143            
    144            /* Set the cursor to the correct address */
    145            LCDCommand(LCD_ADDRESS_CMD | u8Address_);
   \        0x6   0xF054 0x0080      ORRS     R0,R4,#0x80
   \        0xA   0xB2C0             UXTB     R0,R0            ;; ZeroExt  R0,R0,#+24,#+24
   \        0xC   0x.... 0x....      BL       LCDCommand
    146            
    147            /* Fill the message */
    148            u8Index = 1;
   \       0x10   0x2601             MOVS     R6,#+1
    149            while(*u8Message_ != '\0')
   \                     ??LCDMessage_0: (+1)
   \       0x12   0x7828             LDRB     R0,[R5, #+0]
   \       0x14   0x2800             CMP      R0,#+0
   \       0x16   0xD007             BEQ.N    ??LCDMessage_1
    150            {
    151              au8LCDMessage[u8Index++] = *u8Message_++;
   \       0x18   0x7828             LDRB     R0,[R5, #+0]
   \       0x1A   0x....             LDR.N    R1,??DataTable4_3
   \       0x1C   0x0032             MOVS     R2,R6
   \       0x1E   0xB2D2             UXTB     R2,R2            ;; ZeroExt  R2,R2,#+24,#+24
   \       0x20   0x5488             STRB     R0,[R1, R2]
   \       0x22   0x1C6D             ADDS     R5,R5,#+1
   \       0x24   0x1C76             ADDS     R6,R6,#+1
   \       0x26   0xE7F4             B.N      ??LCDMessage_0
    152            }
    153              
    154            /* Queue the message */
    155            TWI0WriteData(LCD_ADDRESS, u8Index, au8LCDMessage, STOP);
   \                     ??LCDMessage_1: (+1)
   \       0x28   0x2300             MOVS     R3,#+0
   \       0x2A   0x....             LDR.N    R2,??DataTable4_3
   \       0x2C   0x0031             MOVS     R1,R6
   \       0x2E   0xB2C9             UXTB     R1,R1            ;; ZeroExt  R1,R1,#+24,#+24
   \       0x30   0x203C             MOVS     R0,#+60
   \       0x32   0x.... 0x....      BL       TWI0WriteData
    156          
    157          } /* end LCDMessage() */
   \       0x36   0xBD70             POP      {R4-R6,PC}       ;; return

   \                                 In section .data, align 4
   \                     `LCDMessage::au8LCDMessage`:
   \        0x0   0x40 0x00          DC8 64, 0, 0, 0, 0, 0, 0, 0, 0, 0, 0, 0, 0, 0, 0, 0, 0
   \              0x00 0x00    
   \              0x00 0x00    
   \              0x00 0x00    
   \              0x00 0x00    
   \              0x00 0x00    
   \              0x00 0x00    
   \              0x00 0x00    
   \              0x00         
   \       0x11   0x00 0x00          DC8 0, 0, 0, 0, 0, 0, 0, 0, 0, 0, 0, 0, 0, 0, 0, 0
   \              0x00 0x00    
   \              0x00 0x00    
   \              0x00 0x00    
   \              0x00 0x00    
   \              0x00 0x00    
   \              0x00 0x00    
   \              0x00 0x00    
   \       0x21   0x00 0x00          DC8 0, 0, 0, 0, 0, 0, 0, 0, 0, 0, 0
   \              0x00 0x00    
   \              0x00 0x00    
   \              0x00 0x00    
   \              0x00 0x00    
   \              0x00         
    158          
    159          
    160          /*------------------------------------------------------------------------------
    161          Function: LCDClearChars
    162          
    163          Description:
    164          Clears a number of chars starting from the address specified.  This function is
    165          not meant to span rows.
    166          
    167          Requires:
    168            - LCD is initialized
    169            - u8Address_ is the starting address where the first character will be cleared
    170          	- u8CharactersToClear_ is the number of characters to clear and does not cause 
    171              the cursor to go past the available data RAM.
    172          
    173          Promises:
    174            - Message to set cursor address in the LCD is queued, then message data 
    175              consisting of all ' ' characters is queued to the LCD to be displayed. 
    176          */

   \                                 In section .text, align 2, keep-with-next
    177          void LCDClearChars(u8 u8Address_, u8 u8CharactersToClear_)
    178          { 
   \                     LCDClearChars: (+1)
   \        0x0   0xB570             PUSH     {R4-R6,LR}
   \        0x2   0x0004             MOVS     R4,R0
   \        0x4   0x000D             MOVS     R5,R1
    179            u8 u8Index; 
    180            static u8 au8LCDMessage[LCD_MESSAGE_OVERHEAD_SIZE + LCD_MAX_MESSAGE_SIZE] =  {LCD_CONTROL_DATA};
    181            
    182            /* Set the cursor to the correct address */
    183            LCDCommand(LCD_ADDRESS_CMD | u8Address_);
   \        0x6   0xF054 0x0080      ORRS     R0,R4,#0x80
   \        0xA   0xB2C0             UXTB     R0,R0            ;; ZeroExt  R0,R0,#+24,#+24
   \        0xC   0x.... 0x....      BL       LCDCommand
    184            
    185            /* Fill the message characters with ' ' */
    186            for(u8Index = 0; u8Index < u8CharactersToClear_; u8Index++)
   \       0x10   0x2600             MOVS     R6,#+0
   \                     ??LCDClearChars_0: (+1)
   \       0x12   0x0030             MOVS     R0,R6
   \       0x14   0x0029             MOVS     R1,R5
   \       0x16   0xB2C0             UXTB     R0,R0            ;; ZeroExt  R0,R0,#+24,#+24
   \       0x18   0xB2C9             UXTB     R1,R1            ;; ZeroExt  R1,R1,#+24,#+24
   \       0x1A   0x4288             CMP      R0,R1
   \       0x1C   0xD207             BCS.N    ??LCDClearChars_1
    187            {
    188              au8LCDMessage[u8Index + 1] = ' ';
   \       0x1E   0x2020             MOVS     R0,#+32
   \       0x20   0x....             LDR.N    R1,??DataTable4_4
   \       0x22   0x0032             MOVS     R2,R6
   \       0x24   0xB2D2             UXTB     R2,R2            ;; ZeroExt  R2,R2,#+24,#+24
   \       0x26   0x4411             ADD      R1,R1,R2
   \       0x28   0x7048             STRB     R0,[R1, #+1]
    189            }
   \       0x2A   0x1C76             ADDS     R6,R6,#+1
   \       0x2C   0xE7F1             B.N      ??LCDClearChars_0
    190                
    191            /* Queue the message */
    192            TWI0WriteData(LCD_ADDRESS, u8CharactersToClear_ + 1, au8LCDMessage, STOP);
   \                     ??LCDClearChars_1: (+1)
   \       0x2E   0x2300             MOVS     R3,#+0
   \       0x30   0x....             LDR.N    R2,??DataTable4_4
   \       0x32   0x0029             MOVS     R1,R5
   \       0x34   0xB2C9             UXTB     R1,R1            ;; ZeroExt  R1,R1,#+24,#+24
   \       0x36   0x1C49             ADDS     R1,R1,#+1
   \       0x38   0x203C             MOVS     R0,#+60
   \       0x3A   0x.... 0x....      BL       TWI0WriteData
    193                	
    194          } /* end LCDClearChars() */
   \       0x3E   0xBD70             POP      {R4-R6,PC}       ;; return

   \                                 In section .data, align 4
   \                     `LCDClearChars::au8LCDMessage`:
   \        0x0   0x40 0x00          DC8 64, 0, 0, 0, 0, 0, 0, 0, 0, 0, 0, 0, 0, 0, 0, 0, 0
   \              0x00 0x00    
   \              0x00 0x00    
   \              0x00 0x00    
   \              0x00 0x00    
   \              0x00 0x00    
   \              0x00 0x00    
   \              0x00 0x00    
   \              0x00         
   \       0x11   0x00 0x00          DC8 0, 0, 0, 0, 0, 0, 0, 0, 0, 0, 0, 0, 0, 0, 0, 0
   \              0x00 0x00    
   \              0x00 0x00    
   \              0x00 0x00    
   \              0x00 0x00    
   \              0x00 0x00    
   \              0x00 0x00    
   \              0x00 0x00    
   \       0x21   0x00 0x00          DC8 0, 0, 0, 0, 0, 0, 0, 0, 0, 0, 0
   \              0x00 0x00    
   \              0x00 0x00    
   \              0x00 0x00    
   \              0x00 0x00    
   \              0x00         
    195          
    196          
    197          /*--------------------------------------------------------------------------------------------------------------------*/
    198          /* Protected Functions */
    199          /*--------------------------------------------------------------------------------------------------------------------*/
    200          
    201          /*------------------------------------------------------------------------------
    202          Function: LcdInitialize
    203          
    204          Description:
    205          Initializes the LCD task and manually sends a message to the LCD
    206          
    207          Requires:
    208            - 
    209          
    210          Promises:
    211            - LCD task Setup and LCD functions can now be called
    212          */

   \                                 In section .text, align 2, keep-with-next
    213          void LcdInitialize(void)
    214          {
   \                     LcdInitialize: (+1)
   \        0x0   0xB538             PUSH     {R3-R5,LR}
   \        0x2   0xB088             SUB      SP,SP,#+32
    215            u8 au8Commands[] = 
    216            {
    217              LCD_FUNCTION_CMD, LCD_FUNCTION2_CMD, LCD_BIAS_CMD, 
    218              LCD_CONTRAST_CMD, LCD_DISPLAY_SET_CMD, LCD_FOLLOWER_CMD 
    219            };
   \        0x4   0x4668             MOV      R0,SP
   \        0x6   0x....             LDR.N    R1,??DataTable4_5
   \        0x8   0xE9D1 0x2300      LDRD     R2,R3,[R1, #+0]
   \        0xC   0xE9C0 0x2300      STRD     R2,R3,[R0, #+0]
    220                           /* "012345567890123456789" */
    221            u8 au8Welcome[] = "RAZOR SAM3U2 ASCII   ";
   \       0x10   0xA802             ADD      R0,SP,#+8
   \       0x12   0x....             LDR.N    R1,??DataTable4_6
   \       0x14   0x2216             MOVS     R2,#+22
   \       0x16   0x.... 0x....      BL       __aeabi_memcpy
    222            
    223            /* State to Idle */
    224            Lcd_StateMachine = LcdSM_Idle;
   \       0x1A   0x.... 0x....      ADR.W    R0,LcdSM_Idle
   \       0x1E   0x....             LDR.N    R1,??DataTable4_7
   \       0x20   0x6008             STR      R0,[R1, #+0]
    225            
    226            /* Turn on LCD wait 40 ms for it to setup */
    227            AT91C_BASE_PIOB->PIO_SODR = PB_09_LCD_RST;
   \       0x22   0xF44F 0x7000      MOV      R0,#+512
   \       0x26   0x....             LDR.N    R1,??DataTable4_8  ;; 0x400e0e30
   \       0x28   0x6008             STR      R0,[R1, #+0]
    228            Lcd_u32Timer = G_u32SystemTime1ms;
   \       0x2A   0x....             LDR.N    R4,??DataTable4_9
   \       0x2C   0x....             LDR.N    R5,??DataTable4_10
   \       0x2E   0x6828             LDR      R0,[R5, #+0]
   \       0x30   0x6020             STR      R0,[R4, #+0]
    229            while( !IsTimeUp(&Lcd_u32Timer, LCD_STARTUP_DELAY) );
   \                     ??LcdInitialize_0: (+1)
   \       0x32   0x2128             MOVS     R1,#+40
   \       0x34   0x0020             MOVS     R0,R4
   \       0x36   0x.... 0x....      BL       IsTimeUp
   \       0x3A   0x2800             CMP      R0,#+0
   \       0x3C   0xD0F9             BEQ.N    ??LcdInitialize_0
    230            
    231            /* Send Control Command */
    232            TWI0WriteByte(LCD_ADDRESS, LCD_CONTROL_COMMAND, NO_STOP);
   \       0x3E   0x2201             MOVS     R2,#+1
   \       0x40   0x2100             MOVS     R1,#+0
   \       0x42   0x203C             MOVS     R0,#+60
   \       0x44   0x.... 0x....      BL       TWI0WriteByte
    233            
    234            /* Send Control Commands */
    235            TWI0WriteData(LCD_ADDRESS, NUM_CONTROL_CMD, &au8Commands[0], NO_STOP);
   \       0x48   0x2301             MOVS     R3,#+1
   \       0x4A   0x466A             MOV      R2,SP
   \       0x4C   0x2106             MOVS     R1,#+6
   \       0x4E   0x203C             MOVS     R0,#+60
   \       0x50   0x.... 0x....      BL       TWI0WriteData
    236            
    237            /* Wait for 200 ms */
    238            Lcd_u32Timer = G_u32SystemTime1ms;
   \       0x54   0x6828             LDR      R0,[R5, #+0]
   \       0x56   0x6020             STR      R0,[R4, #+0]
    239            while( !IsTimeUp(&Lcd_u32Timer, LCD_CONTROL_COMMAND_DELAY) );
   \                     ??LcdInitialize_1: (+1)
   \       0x58   0x21C8             MOVS     R1,#+200
   \       0x5A   0x0020             MOVS     R0,R4
   \       0x5C   0x.... 0x....      BL       IsTimeUp
   \       0x60   0x2800             CMP      R0,#+0
   \       0x62   0xD0F9             BEQ.N    ??LcdInitialize_1
    240            
    241            /* Send Final Command to turn it on */
    242            TWI0WriteByte(LCD_ADDRESS, LCD_DISPLAY_CMD | LCD_DISPLAY_ON, STOP);
   \       0x64   0x2200             MOVS     R2,#+0
   \       0x66   0x210C             MOVS     R1,#+12
   \       0x68   0x203C             MOVS     R0,#+60
   \       0x6A   0x.... 0x....      BL       TWI0WriteByte
    243          
    244            /* Blacklight - White */
    245            LedOn(LCD_RED);
   \       0x6E   0x2008             MOVS     R0,#+8
   \       0x70   0x.... 0x....      BL       LedOn
    246            LedOn(LCD_GREEN);
   \       0x74   0x2009             MOVS     R0,#+9
   \       0x76   0x.... 0x....      BL       LedOn
    247            LedOn(LCD_BLUE);
   \       0x7A   0x200A             MOVS     R0,#+10
   \       0x7C   0x.... 0x....      BL       LedOn
    248            
    249            TWI0WriteByte(LCD_ADDRESS, LCD_CONTROL_DATA, NO_STOP);
   \       0x80   0x2201             MOVS     R2,#+1
   \       0x82   0x2140             MOVS     R1,#+64
   \       0x84   0x203C             MOVS     R0,#+60
   \       0x86   0x.... 0x....      BL       TWI0WriteByte
    250            TWI0WriteData(LCD_ADDRESS, 20, &au8Welcome[0], STOP);
   \       0x8A   0x2300             MOVS     R3,#+0
   \       0x8C   0xAA02             ADD      R2,SP,#+8
   \       0x8E   0x2114             MOVS     R1,#+20
   \       0x90   0x203C             MOVS     R0,#+60
   \       0x92   0x.... 0x....      BL       TWI0WriteData
    251             
    252            Lcd_u32Timer = G_u32SystemTime1ms;
   \       0x96   0x6828             LDR      R0,[R5, #+0]
   \       0x98   0x6020             STR      R0,[R4, #+0]
    253            G_u32ApplicationFlags |= _APPLICATION_FLAGS_LCD;
   \       0x9A   0x....             LDR.N    R0,??DataTable4_11
   \       0x9C   0x6801             LDR      R1,[R0, #+0]
   \       0x9E   0xF051 0x0108      ORRS     R1,R1,#0x8
   \       0xA2   0x6001             STR      R1,[R0, #+0]
    254          
    255          } /* end LcdInitialize */
   \       0xA4   0xB009             ADD      SP,SP,#+36
   \       0xA6   0xBD30             POP      {R4,R5,PC}       ;; return
    256          
    257          
    258          /*----------------------------------------------------------------------------------------------------------------------
    259          Function LcdRunActiveState()
    260          
    261          Description:
    262          Selects and runs one iteration of the current state in the state machine.
    263          All state machines have a TOTAL of 1ms to execute, so on average n state machines
    264          may take 1ms / n to execute.
    265          
    266          Requires:
    267            - State machine function pointer points at current state
    268          
    269          Promises:
    270            - Calls the function to pointed by the state machine function pointer
    271          */

   \                                 In section .text, align 2, keep-with-next
    272          void LcdRunActiveState(void)
    273          {
   \                     LcdRunActiveState: (+1)
   \        0x0   0xB580             PUSH     {R7,LR}
    274            Lcd_StateMachine();
   \        0x2   0x....             LDR.N    R0,??DataTable4_7
   \        0x4   0x6800             LDR      R0,[R0, #+0]
   \        0x6   0x4780             BLX      R0
    275          
    276          } /* end LcdRunActiveState */
   \        0x8   0xBD01             POP      {R0,PC}          ;; return
    277          
    278          
    279          /***********************************************************************************************************************
    280          State Machine Function Declarations
    281          ***********************************************************************************************************************/
    282          
    283          /*------------------------------------------------------------------------------
    284          Function: LcdSM_Idle
    285          
    286          Description:
    287          Placeholder for some fancier functionality to come later.
    288          
    289          Requires:
    290            - LCD is initialized
    291          
    292          Promises:
    293            - 
    294          */

   \                                 In section .text, align 4, keep-with-next
    295          void LcdSM_Idle(void)
    296          {
    297            
    298          }
   \                     LcdSM_Idle: (+1)
   \        0x0   0x4770             BX       LR               ;; return

   \                                 In section .text, align 4, keep-with-next
   \                     ??DataTable4:
   \        0x0   0x....'....        DC32     `LCDCommand::au8LCDWriteCommand`

   \                                 In section .text, align 4, keep-with-next
   \                     ??DataTable4_1:
   \        0x0   0x....'....        DC32     G_u32SystemFlags

   \                                 In section .text, align 4, keep-with-next
   \                     ??DataTable4_2:
   \        0x0   0x0001'86A0        DC32     0x186a0

   \                                 In section .text, align 4, keep-with-next
   \                     ??DataTable4_3:
   \        0x0   0x....'....        DC32     `LCDMessage::au8LCDMessage`

   \                                 In section .text, align 4, keep-with-next
   \                     ??DataTable4_4:
   \        0x0   0x....'....        DC32     `LCDClearChars::au8LCDMessage`

   \                                 In section .text, align 4, keep-with-next
   \                     ??DataTable4_5:
   \        0x0   0x....'....        DC32     ?_0

   \                                 In section .text, align 4, keep-with-next
   \                     ??DataTable4_6:
   \        0x0   0x....'....        DC32     ?_1

   \                                 In section .text, align 4, keep-with-next
   \                     ??DataTable4_7:
   \        0x0   0x....'....        DC32     Lcd_StateMachine

   \                                 In section .text, align 4, keep-with-next
   \                     ??DataTable4_8:
   \        0x0   0x400E'0E30        DC32     0x400e0e30

   \                                 In section .text, align 4, keep-with-next
   \                     ??DataTable4_9:
   \        0x0   0x....'....        DC32     Lcd_u32Timer

   \                                 In section .text, align 4, keep-with-next
   \                     ??DataTable4_10:
   \        0x0   0x....'....        DC32     G_u32SystemTime1ms

   \                                 In section .text, align 4, keep-with-next
   \                     ??DataTable4_11:
   \        0x0   0x....'....        DC32     G_u32ApplicationFlags

   \                                 In section .rodata, align 4
   \                     ?_0:
   \        0x0   0x38 0x39          DC8 56, 57, 20, 114, 94, 109, 0, 0
   \              0x14 0x72    
   \              0x5E 0x6D    
   \              0x00 0x00    

   \                                 In section .rodata, align 4
   \                     ?_1:
   \        0x0   0x52 0x41          DC8 "RAZOR SAM3U2 ASCII   "
   \              0x5A 0x4F    
   \              0x52 0x20    
   \              0x53 0x41    
   \              0x4D 0x33    
   \              0x55 0x32    
   \              0x20 0x41    
   \              0x53 0x43    
   \              0x49 0x49    
   \              0x20 0x20    
   \              0x20 0x00    
   \       0x16   0x00 0x00          DC8 0, 0

   Maximum stack usage in bytes:

   .cstack Function
   ------- --------
      16   LCDClearChars
        16   -> LCDCommand
        16   -> TWI0WriteData
       8   LCDCommand
         8   -> TWI0WriteData
      16   LCDMessage
        16   -> LCDCommand
        16   -> TWI0WriteData
      48   LcdInitialize
        48   -> IsTimeUp
        48   -> LedOn
        48   -> TWI0WriteByte
        48   -> TWI0WriteData
        48   -> __aeabi_memcpy
       8   LcdRunActiveState
         8   -- Indirect call
       0   LcdSM_Idle


   Section sizes:

   Bytes  Function/Label
   -----  --------------
       4  ??DataTable4
       4  ??DataTable4_1
       4  ??DataTable4_10
       4  ??DataTable4_11
       4  ??DataTable4_2
       4  ??DataTable4_3
       4  ??DataTable4_4
       4  ??DataTable4_5
       4  ??DataTable4_6
       4  ??DataTable4_7
       4  ??DataTable4_8
       4  ??DataTable4_9
       8  ?_0
      24  ?_1
      64  LCDClearChars
      40  LCDCommand
      56  LCDMessage
     168  LcdInitialize
      10  LcdRunActiveState
       2  LcdSM_Idle
       4  Lcd_StateMachine
       4  Lcd_u32Timer
      44  au8LCDMessage
      44  au8LCDMessage
       2  au8LCDWriteCommand

 
  10 bytes in section .bss
  88 bytes in section .data
  32 bytes in section .rodata
 388 bytes in section .text
 
 388 bytes of CODE  memory
  32 bytes of CONST memory
  98 bytes of DATA  memory

Errors: none
Warnings: none
